<?xml version="1.0" encoding="UTF-8"?>
<!-- Generated by org.testng.reporters.JUnitReportReporter -->
<testsuite skipped="0" hostname="DESKTOP-LGCF1AD" name="Testcases.baseclass" tests="1" failures="0" timestamp="2020-08-17T19:15:30 IST" time="117.096" errors="0">
  <testcase name="testbase" time="117.096" classname="Testcases.baseclass"/>
  <system-out/>
</testsuite> <!-- Testcases.baseclass -->
